{"C:\\job_portal\\ui_service\\src\\components\\CareerGuidance.tsx": {"path":"C:\\job_portal\\ui_service\\src\\components\\CareerGuidance.tsx","statementMap":{"0":{"start":{"line":1,"column":0},"end":{"line":1,"column":33}},"1":{"start":{"line":2,"column":0},"end":{"line":2,"column":116}},"2":{"start":{"line":3,"column":0},"end":{"line":3,"column":130}},"3":{"start":{"line":5,"column":0},"end":{"line":5,"column":26}},"4":{"start":{"line":6,"column":0},"end":{"line":6,"column":36}},"5":{"start":{"line":7,"column":0},"end":{"line":7,"column":54}},"6":{"start":{"line":8,"column":0},"end":{"line":8,"column":52}},"7":{"start":{"line":9,"column":0},"end":{"line":9,"column":52}},"8":{"start":{"line":11,"column":23},"end":{"line":228,"column":1}},"9":{"start":{"line":12,"column":26},"end":{"line":12,"column":50}},"10":{"start":{"line":13,"column":30},"end":{"line":13,"column":52}},"11":{"start":{"line":14,"column":42},"end":{"line":14,"column":62}},"12":{"start":{"line":15,"column":32},"end":{"line":15,"column":56}},"13":{"start":{"line":16,"column":34},"end":{"line":16,"column":79}},"14":{"start":{"line":18,"column":19},"end":{"line":23,"column":3}},"15":{"start":{"line":19,"column":4},"end":{"line":22,"column":5}},"16":{"start":{"line":20,"column":8},"end":{"line":20,"column":52}},"17":{"start":{"line":21,"column":8},"end":{"line":21,"column":28}},"18":{"start":{"line":25,"column":22},"end":{"line":27,"column":3}},"19":{"start":{"line":26,"column":4},"end":{"line":26,"column":56}},"20":{"start":{"line":26,"column":35},"end":{"line":26,"column":53}},"21":{"start":{"line":29,"column":25},"end":{"line":33,"column":3}},"22":{"start":{"line":30,"column":4},"end":{"line":32,"column":5}},"23":{"start":{"line":31,"column":8},"end":{"line":31,"column":19}},"24":{"start":{"line":35,"column":28},"end":{"line":55,"column":3}},"25":{"start":{"line":36,"column":4},"end":{"line":39,"column":5}},"26":{"start":{"line":37,"column":8},"end":{"line":37,"column":49}},"27":{"start":{"line":38,"column":8},"end":{"line":38,"column":15}},"28":{"start":{"line":40,"column":4},"end":{"line":40,"column":21}},"29":{"start":{"line":41,"column":4},"end":{"line":54,"column":5}},"30":{"start":{"line":42,"column":25},"end":{"line":47,"column":10}},"31":{"start":{"line":48,"column":8},"end":{"line":48,"column":26}},"32":{"start":{"line":49,"column":8},"end":{"line":49,"column":44}},"33":{"start":{"line":51,"column":8},"end":{"line":51,"column":43}},"34":{"start":{"line":53,"column":8},"end":{"line":53,"column":26}},"35":{"start":{"line":57,"column":22},"end":{"line":62,"column":3}},"36":{"start":{"line":58,"column":4},"end":{"line":58,"column":18}},"37":{"start":{"line":59,"column":4},"end":{"line":59,"column":24}},"38":{"start":{"line":60,"column":4},"end":{"line":60,"column":22}},"39":{"start":{"line":61,"column":4},"end":{"line":61,"column":19}},"40":{"start":{"line":63,"column":2},"end":{"line":227,"column":null}},"41":{"start":{"line":95,"column":145},"end":{"line":95,"column":176}},"42":{"start":{"line":106,"column":52},"end":{"line":106,"column":65}},"43":{"start":{"line":108,"column":79},"end":{"line":108,"column":93}},"44":{"start":{"line":156,"column":48},"end":{"line":156,"column":65}},"45":{"start":{"line":180,"column":48},"end":{"line":180,"column":65}},"46":{"start":{"line":187,"column":64},"end":{"line":187,"column":81}},"47":{"start":{"line":211,"column":48},"end":{"line":211,"column":65}},"48":{"start":{"line":230,"column":0},"end":{"line":230,"column":null}}},"fnMap":{"0":{"name":"(anonymous_1)","decl":{"start":{"line":11,"column":23},"end":{"line":11,"column":26}},"loc":{"start":{"line":11,"column":28},"end":{"line":228,"column":1}}},"1":{"name":"(anonymous_2)","decl":{"start":{"line":18,"column":19},"end":{"line":18,"column":22}},"loc":{"start":{"line":18,"column":24},"end":{"line":23,"column":3}}},"2":{"name":"(anonymous_3)","decl":{"start":{"line":25,"column":22},"end":{"line":25,"column":23}},"loc":{"start":{"line":25,"column":48},"end":{"line":27,"column":3}}},"3":{"name":"(anonymous_4)","decl":{"start":{"line":26,"column":28},"end":{"line":26,"column":29}},"loc":{"start":{"line":26,"column":35},"end":{"line":26,"column":53}}},"4":{"name":"(anonymous_5)","decl":{"start":{"line":29,"column":25},"end":{"line":29,"column":26}},"loc":{"start":{"line":29,"column":70},"end":{"line":33,"column":3}}},"5":{"name":"(anonymous_6)","decl":{"start":{"line":35,"column":28},"end":{"line":35,"column":33}},"loc":{"start":{"line":35,"column":38},"end":{"line":55,"column":3}}},"6":{"name":"(anonymous_7)","decl":{"start":{"line":57,"column":22},"end":{"line":57,"column":25}},"loc":{"start":{"line":57,"column":27},"end":{"line":62,"column":3}}},"7":{"name":"(anonymous_8)","decl":{"start":{"line":95,"column":138},"end":{"line":95,"column":139}},"loc":{"start":{"line":95,"column":145},"end":{"line":95,"column":176}}},"8":{"name":"(anonymous_9)","decl":{"start":{"line":105,"column":59},"end":{"line":105,"column":60}},"loc":{"start":{"line":106,"column":52},"end":{"line":106,"column":65}}},"9":{"name":"(anonymous_10)","decl":{"start":{"line":108,"column":73},"end":{"line":108,"column":76}},"loc":{"start":{"line":108,"column":79},"end":{"line":108,"column":93}}},"10":{"name":"(anonymous_11)","decl":{"start":{"line":155,"column":68},"end":{"line":155,"column":69}},"loc":{"start":{"line":156,"column":48},"end":{"line":156,"column":65}}},"11":{"name":"(anonymous_12)","decl":{"start":{"line":179,"column":71},"end":{"line":179,"column":72}},"loc":{"start":{"line":180,"column":48},"end":{"line":180,"column":65}}},"12":{"name":"(anonymous_13)","decl":{"start":{"line":186,"column":80},"end":{"line":186,"column":81}},"loc":{"start":{"line":187,"column":64},"end":{"line":187,"column":81}}},"13":{"name":"(anonymous_14)","decl":{"start":{"line":210,"column":84},"end":{"line":210,"column":85}},"loc":{"start":{"line":211,"column":48},"end":{"line":211,"column":65}}}},"branchMap":{"0":{"loc":{"start":{"line":19,"column":4},"end":{"line":22,"column":5}},"type":"if","locations":[{"start":{"line":19,"column":4},"end":{"line":22,"column":5}},{"start":{},"end":{}}]},"1":{"loc":{"start":{"line":19,"column":7},"end":{"line":19,"column":67}},"type":"binary-expr","locations":[{"start":{"line":19,"column":7},"end":{"line":19,"column":26}},{"start":{"line":19,"column":30},"end":{"line":19,"column":67}}]},"2":{"loc":{"start":{"line":30,"column":4},"end":{"line":32,"column":5}},"type":"if","locations":[{"start":{"line":30,"column":4},"end":{"line":32,"column":5}},{"start":{},"end":{}}]},"3":{"loc":{"start":{"line":36,"column":4},"end":{"line":39,"column":5}},"type":"if","locations":[{"start":{"line":36,"column":4},"end":{"line":39,"column":5}},{"start":{},"end":{}}]},"4":{"loc":{"start":{"line":84,"column":20},"end":{"line":221,"column":28}},"type":"cond-expr","locations":[{"start":{"line":84,"column":33},"end":{"line":128,"column":null}},{"start":{"line":129,"column":32},"end":{"line":220,"column":null}}]},"5":{"loc":{"start":{"line":100,"column":32},"end":{"line":114,"column":null}},"type":"binary-expr","locations":[{"start":{"line":100,"column":32},"end":{"line":100,"column":49}},{"start":{"line":101,"column":36},"end":{"line":114,"column":null}}]},"6":{"loc":{"start":{"line":117,"column":74},"end":{"line":117,"column":104}},"type":"binary-expr","locations":[{"start":{"line":117,"column":74},"end":{"line":117,"column":81}},{"start":{"line":117,"column":85},"end":{"line":117,"column":104}}]},"7":{"loc":{"start":{"line":119,"column":36},"end":{"line":125,"column":44}},"type":"cond-expr","locations":[{"start":{"line":119,"column":47},"end":{"line":120,"column":null}},{"start":{"line":122,"column":48},"end":{"line":123,"column":null}}]}},"s":{"0":1,"1":1,"2":1,"3":1,"4":1,"5":1,"6":1,"7":1,"8":1,"9":85,"10":85,"11":85,"12":85,"13":85,"14":85,"15":10,"16":8,"17":8,"18":85,"19":1,"20":1,"21":85,"22":55,"23":1,"24":85,"25":5,"26":1,"27":1,"28":4,"29":4,"30":4,"31":3,"32":3,"33":1,"34":4,"35":85,"36":1,"37":1,"38":1,"39":1,"40":85,"41":53,"42":18,"43":1,"44":3,"45":3,"46":3,"47":6,"48":1},"f":{"0":85,"1":10,"2":1,"3":1,"4":55,"5":5,"6":1,"7":53,"8":18,"9":1,"10":3,"11":3,"12":3,"13":6},"b":{"0":[8,2],"1":[10,9],"2":[1,54],"3":[1,4],"4":[82,3],"5":[82,18],"6":[82,78],"7":[4,78]}}
,"C:\\job_portal\\ui_service\\src\\components\\Footer.tsx": {"path":"C:\\job_portal\\ui_service\\src\\components\\Footer.tsx","statementMap":{"0":{"start":{"line":1,"column":15},"end":{"line":13,"column":1}},"1":{"start":{"line":2,"column":2},"end":{"line":12,"column":null}},"2":{"start":{"line":15,"column":0},"end":{"line":15,"column":null}}},"fnMap":{"0":{"name":"(anonymous_0)","decl":{"start":{"line":1,"column":15},"end":{"line":1,"column":18}},"loc":{"start":{"line":1,"column":20},"end":{"line":13,"column":1}}}},"branchMap":{},"s":{"0":1,"1":1,"2":1},"f":{"0":1},"b":{}}
,"C:\\job_portal\\ui_service\\src\\components\\Loader.tsx": {"path":"C:\\job_portal\\ui_service\\src\\components\\Loader.tsx","statementMap":{"0":{"start":{"line":1,"column":0},"end":{"line":1,"column":42}},"1":{"start":{"line":3,"column":15},"end":{"line":23,"column":1}},"2":{"start":{"line":4,"column":19},"end":{"line":4,"column":60}},"3":{"start":{"line":4,"column":47},"end":{"line":4,"column":59}},"4":{"start":{"line":6,"column":2},"end":{"line":12,"column":3}},"5":{"start":{"line":7,"column":4},"end":{"line":11,"column":6}},"6":{"start":{"line":14,"column":2},"end":{"line":20,"column":3}},"7":{"start":{"line":15,"column":4},"end":{"line":19,"column":6}},"8":{"start":{"line":22,"column":2},"end":{"line":22,"column":14}},"9":{"start":{"line":25,"column":0},"end":{"line":25,"column":22}}},"fnMap":{"0":{"name":"(anonymous_0)","decl":{"start":{"line":3,"column":15},"end":{"line":3,"column":18}},"loc":{"start":{"line":3,"column":20},"end":{"line":23,"column":1}}},"1":{"name":"(anonymous_1)","decl":{"start":{"line":4,"column":31},"end":{"line":4,"column":32}},"loc":{"start":{"line":4,"column":47},"end":{"line":4,"column":59}}}},"branchMap":{"0":{"loc":{"start":{"line":6,"column":2},"end":{"line":12,"column":3}},"type":"if","locations":[{"start":{"line":6,"column":2},"end":{"line":12,"column":3}},{"start":{},"end":{}}]},"1":{"loc":{"start":{"line":14,"column":2},"end":{"line":20,"column":3}},"type":"if","locations":[{"start":{"line":14,"column":2},"end":{"line":20,"column":3}},{"start":{},"end":{}}]}},"s":{"0":2,"1":2,"2":17,"3":34,"4":17,"5":13,"6":4,"7":3,"8":1,"9":2},"f":{"0":17,"1":34},"b":{"0":[13,4],"1":[3,1]}}
,"C:\\job_portal\\ui_service\\src\\components\\Navbar.tsx": {"path":"C:\\job_portal\\ui_service\\src\\components\\Navbar.tsx","statementMap":{"0":{"start":{"line":1,"column":0},"end":{"line":1,"column":40}},"1":{"start":{"line":2,"column":0},"end":{"line":2,"column":33}},"2":{"start":{"line":3,"column":0},"end":{"line":3,"column":32}},"3":{"start":{"line":4,"column":0},"end":{"line":4,"column":54}},"4":{"start":{"line":5,"column":0},"end":{"line":5,"column":83}},"5":{"start":{"line":6,"column":0},"end":{"line":6,"column":88}},"6":{"start":{"line":7,"column":0},"end":{"line":7,"column":85}},"7":{"start":{"line":8,"column":0},"end":{"line":8,"column":54}},"8":{"start":{"line":9,"column":0},"end":{"line":9,"column":64}},"9":{"start":{"line":10,"column":0},"end":{"line":10,"column":51}},"10":{"start":{"line":11,"column":0},"end":{"line":11,"column":54}},"11":{"start":{"line":13,"column":15},"end":{"line":176,"column":1}},"12":{"start":{"line":14,"column":26},"end":{"line":14,"column":41}},"13":{"start":{"line":15,"column":19},"end":{"line":15,"column":35}},"14":{"start":{"line":16,"column":38},"end":{"line":16,"column":53}},"15":{"start":{"line":17,"column":26},"end":{"line":17,"column":70}},"16":{"start":{"line":17,"column":52},"end":{"line":17,"column":69}},"17":{"start":{"line":18,"column":15},"end":{"line":18,"column":57}},"18":{"start":{"line":18,"column":41},"end":{"line":18,"column":56}},"19":{"start":{"line":19,"column":19},"end":{"line":21,"column":9}},"20":{"start":{"line":20,"column":55},"end":{"line":20,"column":73}},"21":{"start":{"line":22,"column":23},"end":{"line":34,"column":3}},"22":{"start":{"line":23,"column":4},"end":{"line":23,"column":24}},"23":{"start":{"line":25,"column":4},"end":{"line":33,"column":12}},"24":{"start":{"line":26,"column":6},"end":{"line":26,"column":45}},"25":{"start":{"line":27,"column":6},"end":{"line":27,"column":44}},"26":{"start":{"line":28,"column":6},"end":{"line":28,"column":45}},"27":{"start":{"line":29,"column":6},"end":{"line":29,"column":49}},"28":{"start":{"line":30,"column":6},"end":{"line":30,"column":25}},"29":{"start":{"line":31,"column":6},"end":{"line":31,"column":28}},"30":{"start":{"line":32,"column":6},"end":{"line":32,"column":27}},"31":{"start":{"line":36,"column":21},"end":{"line":38,"column":3}},"32":{"start":{"line":37,"column":4},"end":{"line":37,"column":19}},"33":{"start":{"line":39,"column":2},"end":{"line":175,"column":null}},"34":{"start":{"line":156,"column":18},"end":{"line":156,"column":33}},"35":{"start":{"line":157,"column":16},"end":{"line":157,"column":29}},"36":{"start":{"line":178,"column":0},"end":{"line":178,"column":null}}},"fnMap":{"0":{"name":"(anonymous_1)","decl":{"start":{"line":13,"column":15},"end":{"line":13,"column":18}},"loc":{"start":{"line":13,"column":20},"end":{"line":176,"column":1}}},"1":{"name":"(anonymous_2)","decl":{"start":{"line":17,"column":41},"end":{"line":17,"column":42}},"loc":{"start":{"line":17,"column":52},"end":{"line":17,"column":69}}},"2":{"name":"(anonymous_3)","decl":{"start":{"line":18,"column":30},"end":{"line":18,"column":31}},"loc":{"start":{"line":18,"column":41},"end":{"line":18,"column":56}}},"3":{"name":"(anonymous_4)","decl":{"start":{"line":20,"column":40},"end":{"line":20,"column":41}},"loc":{"start":{"line":20,"column":55},"end":{"line":20,"column":73}}},"4":{"name":"(anonymous_5)","decl":{"start":{"line":22,"column":23},"end":{"line":22,"column":26}},"loc":{"start":{"line":22,"column":28},"end":{"line":34,"column":3}}},"5":{"name":"(anonymous_6)","decl":{"start":{"line":25,"column":15},"end":{"line":25,"column":18}},"loc":{"start":{"line":25,"column":20},"end":{"line":33,"column":5}}},"6":{"name":"(anonymous_7)","decl":{"start":{"line":36,"column":21},"end":{"line":36,"column":24}},"loc":{"start":{"line":36,"column":26},"end":{"line":38,"column":3}}},"7":{"name":"(anonymous_8)","decl":{"start":{"line":155,"column":99},"end":{"line":155,"column":102}},"loc":{"start":{"line":155,"column":104},"end":{"line":158,"column":15}}}},"branchMap":{"0":{"loc":{"start":{"line":19,"column":19},"end":{"line":21,"column":9}},"type":"cond-expr","locations":[{"start":{"line":20,"column":6},"end":{"line":20,"column":95}},{"start":{"line":21,"column":6},"end":{"line":21,"column":9}}]},"1":{"loc":{"start":{"line":75,"column":14},"end":{"line":109,"column":null}},"type":"cond-expr","locations":[{"start":{"line":75,"column":32},"end":{"line":104,"column":null}},{"start":{"line":105,"column":27},"end":{"line":109,"column":null}}]},"2":{"loc":{"start":{"line":78,"column":38},"end":{"line":78,"column":75}},"type":"cond-expr","locations":[{"start":{"line":78,"column":44},"end":{"line":78,"column":70}},{"start":{"line":78,"column":73},"end":{"line":78,"column":75}}]},"3":{"loc":{"start":{"line":78,"column":82},"end":{"line":78,"column":103}},"type":"cond-expr","locations":[{"start":{"line":78,"column":89},"end":{"line":78,"column":98}},{"start":{"line":78,"column":101},"end":{"line":78,"column":103}}]},"4":{"loc":{"start":{"line":84,"column":58},"end":{"line":84,"column":78}},"type":"binary-expr","locations":[{"start":{"line":84,"column":58},"end":{"line":84,"column":68}},{"start":{"line":84,"column":72},"end":{"line":84,"column":78}}]},"5":{"loc":{"start":{"line":85,"column":64},"end":{"line":85,"column":97}},"type":"binary-expr","locations":[{"start":{"line":85,"column":64},"end":{"line":85,"column":75}},{"start":{"line":85,"column":79},"end":{"line":85,"column":97}}]},"6":{"loc":{"start":{"line":86,"column":21},"end":{"line":91,"column":null}},"type":"binary-expr","locations":[{"start":{"line":86,"column":21},"end":{"line":86,"column":31}},{"start":{"line":87,"column":22},"end":{"line":91,"column":58}}]},"7":{"loc":{"start":{"line":88,"column":24},"end":{"line":90,"column":null}},"type":"cond-expr","locations":[{"start":{"line":89,"column":28},"end":{"line":89,"column":87}},{"start":{"line":90,"column":28},"end":{"line":90,"column":null}}]},"8":{"loc":{"start":{"line":101,"column":21},"end":{"line":101,"column":103}},"type":"cond-expr","locations":[{"start":{"line":101,"column":34},"end":{"line":101,"column":80}},{"start":{"line":101,"column":83},"end":{"line":101,"column":103}}]},"9":{"loc":{"start":{"line":102,"column":27},"end":{"line":102,"column":64}},"type":"cond-expr","locations":[{"start":{"line":102,"column":40},"end":{"line":102,"column":53}},{"start":{"line":102,"column":56},"end":{"line":102,"column":64}}]},"10":{"loc":{"start":{"line":119,"column":16},"end":{"line":119,"column":59}},"type":"cond-expr","locations":[{"start":{"line":119,"column":23},"end":{"line":119,"column":38}},{"start":{"line":119,"column":41},"end":{"line":119,"column":59}}]},"11":{"loc":{"start":{"line":126,"column":100},"end":{"line":126,"column":148}},"type":"cond-expr","locations":[{"start":{"line":126,"column":106},"end":{"line":126,"column":126}},{"start":{"line":126,"column":129},"end":{"line":126,"column":148}}]},"12":{"loc":{"start":{"line":148,"column":12},"end":{"line":169,"column":null}},"type":"cond-expr","locations":[{"start":{"line":148,"column":31},"end":{"line":161,"column":null}},{"start":{"line":164,"column":14},"end":{"line":168,"column":null}}]},"13":{"loc":{"start":{"line":159,"column":19},"end":{"line":159,"column":101}},"type":"cond-expr","locations":[{"start":{"line":159,"column":32},"end":{"line":159,"column":78}},{"start":{"line":159,"column":81},"end":{"line":159,"column":101}}]},"14":{"loc":{"start":{"line":160,"column":25},"end":{"line":160,"column":62}},"type":"cond-expr","locations":[{"start":{"line":160,"column":38},"end":{"line":160,"column":51}},{"start":{"line":160,"column":54},"end":{"line":160,"column":62}}]}},"s":{"0":1,"1":1,"2":1,"3":1,"4":1,"5":1,"6":1,"7":1,"8":1,"9":1,"10":1,"11":1,"12":13,"13":13,"14":13,"15":13,"16":20,"17":13,"18":20,"19":13,"20":13,"21":13,"22":1,"23":1,"24":0,"25":0,"26":0,"27":0,"28":0,"29":0,"30":0,"31":13,"32":6,"33":13,"34":1,"35":1,"36":1},"f":{"0":13,"1":20,"2":20,"3":13,"4":1,"5":0,"6":6,"7":1},"b":{"0":[13,0],"1":[13,0],"2":[13,0],"3":[13,0],"4":[13,0],"5":[13,0],"6":[13,13],"7":[0,13],"8":[1,12],"9":[1,12],"10":[4,9],"11":[4,9],"12":[13,0],"13":[1,12],"14":[1,12]}}
,"C:\\job_portal\\ui_service\\src\\components\\PageWrapper.tsx": {"path":"C:\\job_portal\\ui_service\\src\\components\\PageWrapper.tsx","statementMap":{"0":{"start":{"line":5,"column":0},"end":{"line":5,"column":24}},"1":{"start":{"line":1,"column":0},"end":{"line":1,"column":44}},"2":{"start":{"line":2,"column":0},"end":{"line":2,"column":47}},"3":{"start":{"line":3,"column":0},"end":{"line":3,"column":41}},"4":{"start":{"line":6,"column":19},"end":{"line":6,"column":32}},"5":{"start":{"line":7,"column":40},"end":{"line":7,"column":55}},"6":{"start":{"line":9,"column":2},"end":{"line":14,"column":17}},"7":{"start":{"line":11,"column":4},"end":{"line":11,"column":25}},"8":{"start":{"line":12,"column":18},"end":{"line":12,"column":63}},"9":{"start":{"line":12,"column":35},"end":{"line":12,"column":56}},"10":{"start":{"line":13,"column":4},"end":{"line":13,"column":37}},"11":{"start":{"line":13,"column":17},"end":{"line":13,"column":36}},"12":{"start":{"line":16,"column":2},"end":{"line":25,"column":4}}},"fnMap":{"0":{"name":"PageWrapper","decl":{"start":{"line":5,"column":24},"end":{"line":5,"column":35}},"loc":{"start":{"line":5,"column":89},"end":{"line":26,"column":1}}},"1":{"name":"(anonymous_2)","decl":{"start":{"line":9,"column":12},"end":{"line":9,"column":15}},"loc":{"start":{"line":9,"column":17},"end":{"line":14,"column":3}}},"2":{"name":"(anonymous_3)","decl":{"start":{"line":12,"column":29},"end":{"line":12,"column":32}},"loc":{"start":{"line":12,"column":35},"end":{"line":12,"column":56}}},"3":{"name":"(anonymous_4)","decl":{"start":{"line":13,"column":11},"end":{"line":13,"column":14}},"loc":{"start":{"line":13,"column":17},"end":{"line":13,"column":36}}}},"branchMap":{"0":{"loc":{"start":{"line":18,"column":7},"end":{"line":21,"column":null}},"type":"binary-expr","locations":[{"start":{"line":18,"column":7},"end":{"line":18,"column":18}},{"start":{"line":19,"column":8},"end":{"line":20,"column":null}}]}},"s":{"0":1,"1":1,"2":1,"3":1,"4":24,"5":24,"6":24,"7":10,"8":10,"9":4,"10":10,"11":10,"12":24},"f":{"0":24,"1":10,"2":4,"3":10},"b":{"0":[24,10]}}
,"C:\\job_portal\\ui_service\\src\\components\\ResumeAnalyzer.tsx": {"path":"C:\\job_portal\\ui_service\\src\\components\\ResumeAnalyzer.tsx","statementMap":{"0":{"start":{"line":1,"column":0},"end":{"line":1,"column":48}},"1":{"start":{"line":2,"column":0},"end":{"line":2,"column":54}},"2":{"start":{"line":3,"column":0},"end":{"line":3,"column":null}},"3":{"start":{"line":11,"column":0},"end":{"line":11,"column":null}},"4":{"start":{"line":22,"column":0},"end":{"line":22,"column":26}},"5":{"start":{"line":23,"column":0},"end":{"line":23,"column":36}},"6":{"start":{"line":29,"column":23},"end":{"line":359,"column":1}},"7":{"start":{"line":30,"column":28},"end":{"line":30,"column":43}},"8":{"start":{"line":31,"column":28},"end":{"line":31,"column":55}},"9":{"start":{"line":32,"column":34},"end":{"line":32,"column":49}},"10":{"start":{"line":33,"column":36},"end":{"line":33,"column":81}},"11":{"start":{"line":34,"column":25},"end":{"line":34,"column":55}},"12":{"start":{"line":35,"column":29},"end":{"line":50,"column":5}},"13":{"start":{"line":36,"column":29},"end":{"line":36,"column":48}},"14":{"start":{"line":37,"column":8},"end":{"line":49,"column":9}},"15":{"start":{"line":38,"column":12},"end":{"line":42,"column":13}},"16":{"start":{"line":40,"column":16},"end":{"line":40,"column":50}},"17":{"start":{"line":41,"column":16},"end":{"line":41,"column":23}},"18":{"start":{"line":43,"column":12},"end":{"line":47,"column":13}},"19":{"start":{"line":45,"column":16},"end":{"line":45,"column":59}},"20":{"start":{"line":46,"column":16},"end":{"line":46,"column":23}},"21":{"start":{"line":48,"column":12},"end":{"line":48,"column":34}},"22":{"start":{"line":51,"column":28},"end":{"line":59,"column":5}},"23":{"start":{"line":52,"column":8},"end":{"line":58,"column":11}},"24":{"start":{"line":54,"column":27},"end":{"line":54,"column":43}},"25":{"start":{"line":55,"column":12},"end":{"line":55,"column":39}},"26":{"start":{"line":56,"column":12},"end":{"line":56,"column":67}},"27":{"start":{"line":56,"column":34},"end":{"line":56,"column":66}},"28":{"start":{"line":57,"column":12},"end":{"line":57,"column":54}},"29":{"start":{"line":57,"column":40},"end":{"line":57,"column":53}},"30":{"start":{"line":60,"column":26},"end":{"line":85,"column":5}},"31":{"start":{"line":61,"column":8},"end":{"line":65,"column":9}},"32":{"start":{"line":63,"column":12},"end":{"line":63,"column":44}},"33":{"start":{"line":64,"column":12},"end":{"line":64,"column":19}},"34":{"start":{"line":66,"column":8},"end":{"line":66,"column":25}},"35":{"start":{"line":67,"column":8},"end":{"line":84,"column":9}},"36":{"start":{"line":68,"column":27},"end":{"line":68,"column":54}},"37":{"start":{"line":69,"column":29},"end":{"line":73,"column":null}},"38":{"start":{"line":75,"column":12},"end":{"line":75,"column":30}},"39":{"start":{"line":77,"column":12},"end":{"line":77,"column":51}},"40":{"start":{"line":80,"column":12},"end":{"line":80,"column":79}},"41":{"start":{"line":81,"column":12},"end":{"line":81,"column":31}},"42":{"start":{"line":83,"column":12},"end":{"line":83,"column":30}},"43":{"start":{"line":86,"column":24},"end":{"line":93,"column":5}},"44":{"start":{"line":87,"column":8},"end":{"line":87,"column":22}},"45":{"start":{"line":88,"column":8},"end":{"line":88,"column":26}},"46":{"start":{"line":89,"column":8},"end":{"line":89,"column":23}},"47":{"start":{"line":90,"column":8},"end":{"line":92,"column":9}},"48":{"start":{"line":91,"column":12},"end":{"line":91,"column":44}},"49":{"start":{"line":94,"column":26},"end":{"line":98,"column":5}},"50":{"start":{"line":95,"column":8},"end":{"line":95,"column":49}},"51":{"start":{"line":95,"column":25},"end":{"line":95,"column":49}},"52":{"start":{"line":96,"column":8},"end":{"line":96,"column":50}},"53":{"start":{"line":96,"column":25},"end":{"line":96,"column":50}},"54":{"start":{"line":97,"column":8},"end":{"line":97,"column":30}},"55":{"start":{"line":99,"column":28},"end":{"line":103,"column":5}},"56":{"start":{"line":100,"column":8},"end":{"line":100,"column":68}},"57":{"start":{"line":100,"column":25},"end":{"line":100,"column":68}},"58":{"start":{"line":101,"column":8},"end":{"line":101,"column":70}},"59":{"start":{"line":101,"column":25},"end":{"line":101,"column":70}},"60":{"start":{"line":102,"column":8},"end":{"line":102,"column":47}},"61":{"start":{"line":104,"column":29},"end":{"line":114,"column":5}},"62":{"start":{"line":105,"column":8},"end":{"line":107,"column":99}},"63":{"start":{"line":107,"column":12},"end":{"line":107,"column":99}},"64":{"start":{"line":108,"column":8},"end":{"line":110,"column":116}},"65":{"start":{"line":110,"column":12},"end":{"line":110,"column":116}},"66":{"start":{"line":112,"column":8},"end":{"line":112,"column":100}},"67":{"start":{"line":115,"column":4},"end":{"line":358,"column":6}},"68":{"start":{"line":158,"column":55},"end":{"line":158,"column":84}},"69":{"start":{"line":260,"column":52},"end":{"line":260,"column":67}},"70":{"start":{"line":290,"column":48},"end":{"line":291,"column":null}},"71":{"start":{"line":309,"column":48},"end":{"line":309,"column":65}},"72":{"start":{"line":360,"column":0},"end":{"line":360,"column":30}}},"fnMap":{"0":{"name":"(anonymous_1)","decl":{"start":{"line":29,"column":23},"end":{"line":29,"column":26}},"loc":{"start":{"line":29,"column":28},"end":{"line":359,"column":1}}},"1":{"name":"(anonymous_2)","decl":{"start":{"line":35,"column":29},"end":{"line":35,"column":30}},"loc":{"start":{"line":35,"column":72},"end":{"line":50,"column":5}}},"2":{"name":"(anonymous_3)","decl":{"start":{"line":51,"column":28},"end":{"line":51,"column":29}},"loc":{"start":{"line":51,"column":60},"end":{"line":59,"column":5}}},"3":{"name":"(anonymous_4)","decl":{"start":{"line":52,"column":27},"end":{"line":52,"column":28}},"loc":{"start":{"line":52,"column":47},"end":{"line":58,"column":9}}},"4":{"name":"(anonymous_5)","decl":{"start":{"line":56,"column":28},"end":{"line":56,"column":31}},"loc":{"start":{"line":56,"column":34},"end":{"line":56,"column":66}}},"5":{"name":"(anonymous_6)","decl":{"start":{"line":57,"column":29},"end":{"line":57,"column":30}},"loc":{"start":{"line":57,"column":40},"end":{"line":57,"column":53}}},"6":{"name":"(anonymous_7)","decl":{"start":{"line":60,"column":26},"end":{"line":60,"column":31}},"loc":{"start":{"line":60,"column":37},"end":{"line":85,"column":5}}},"7":{"name":"(anonymous_8)","decl":{"start":{"line":86,"column":24},"end":{"line":86,"column":27}},"loc":{"start":{"line":86,"column":29},"end":{"line":93,"column":5}}},"8":{"name":"(anonymous_9)","decl":{"start":{"line":94,"column":26},"end":{"line":94,"column":27}},"loc":{"start":{"line":94,"column":44},"end":{"line":98,"column":5}}},"9":{"name":"(anonymous_10)","decl":{"start":{"line":99,"column":28},"end":{"line":99,"column":29}},"loc":{"start":{"line":99,"column":46},"end":{"line":103,"column":5}}},"10":{"name":"(anonymous_11)","decl":{"start":{"line":104,"column":29},"end":{"line":104,"column":30}},"loc":{"start":{"line":104,"column":50},"end":{"line":114,"column":5}}},"11":{"name":"(anonymous_12)","decl":{"start":{"line":158,"column":49},"end":{"line":158,"column":52}},"loc":{"start":{"line":158,"column":55},"end":{"line":158,"column":84}}},"12":{"name":"(anonymous_13)","decl":{"start":{"line":259,"column":48},"end":{"line":259,"column":49}},"loc":{"start":{"line":260,"column":52},"end":{"line":260,"column":67}}},"13":{"name":"(anonymous_14)","decl":{"start":{"line":289,"column":68},"end":{"line":289,"column":69}},"loc":{"start":{"line":290,"column":48},"end":{"line":291,"column":null}}},"14":{"name":"(anonymous_15)","decl":{"start":{"line":307,"column":70},"end":{"line":307,"column":71}},"loc":{"start":{"line":309,"column":48},"end":{"line":309,"column":65}}}},"branchMap":{"0":{"loc":{"start":{"line":37,"column":8},"end":{"line":49,"column":9}},"type":"if","locations":[{"start":{"line":37,"column":8},"end":{"line":49,"column":9}},{"start":{},"end":{}}]},"1":{"loc":{"start":{"line":38,"column":12},"end":{"line":42,"column":13}},"type":"if","locations":[{"start":{"line":38,"column":12},"end":{"line":42,"column":13}},{"start":{},"end":{}}]},"2":{"loc":{"start":{"line":43,"column":12},"end":{"line":47,"column":13}},"type":"if","locations":[{"start":{"line":43,"column":12},"end":{"line":47,"column":13}},{"start":{},"end":{}}]},"3":{"loc":{"start":{"line":61,"column":8},"end":{"line":65,"column":9}},"type":"if","locations":[{"start":{"line":61,"column":8},"end":{"line":65,"column":9}},{"start":{},"end":{}}]},"4":{"loc":{"start":{"line":80,"column":18},"end":{"line":80,"column":77}},"type":"binary-expr","locations":[{"start":{"line":80,"column":18},"end":{"line":80,"column":47}},{"start":{"line":80,"column":51},"end":{"line":80,"column":77}}]},"5":{"loc":{"start":{"line":90,"column":8},"end":{"line":92,"column":9}},"type":"if","locations":[{"start":{"line":90,"column":8},"end":{"line":92,"column":9}},{"start":{},"end":{}}]},"6":{"loc":{"start":{"line":95,"column":8},"end":{"line":95,"column":49}},"type":"if","locations":[{"start":{"line":95,"column":8},"end":{"line":95,"column":49}},{"start":{},"end":{}}]},"7":{"loc":{"start":{"line":96,"column":8},"end":{"line":96,"column":50}},"type":"if","locations":[{"start":{"line":96,"column":8},"end":{"line":96,"column":50}},{"start":{},"end":{}}]},"8":{"loc":{"start":{"line":100,"column":8},"end":{"line":100,"column":68}},"type":"if","locations":[{"start":{"line":100,"column":8},"end":{"line":100,"column":68}},{"start":{},"end":{}}]},"9":{"loc":{"start":{"line":101,"column":8},"end":{"line":101,"column":70}},"type":"if","locations":[{"start":{"line":101,"column":8},"end":{"line":101,"column":70}},{"start":{},"end":{}}]},"10":{"loc":{"start":{"line":105,"column":8},"end":{"line":107,"column":99}},"type":"if","locations":[{"start":{"line":105,"column":8},"end":{"line":107,"column":99}},{"start":{},"end":{}}]},"11":{"loc":{"start":{"line":108,"column":8},"end":{"line":110,"column":116}},"type":"if","locations":[{"start":{"line":108,"column":8},"end":{"line":110,"column":116}},{"start":{},"end":{}}]},"12":{"loc":{"start":{"line":143,"column":25},"end":{"line":351,"column":null}},"type":"cond-expr","locations":[{"start":{"line":144,"column":28},"end":{"line":210,"column":null}},{"start":{"line":213,"column":28},"end":{"line":350,"column":null}}]},"13":{"loc":{"start":{"line":169,"column":53},"end":{"line":169,"column":101}},"type":"cond-expr","locations":[{"start":{"line":169,"column":60},"end":{"line":169,"column":69}},{"start":{"line":169,"column":72},"end":{"line":169,"column":101}}]},"14":{"loc":{"start":{"line":175,"column":45},"end":{"line":181,"column":null}},"type":"binary-expr","locations":[{"start":{"line":175,"column":45},"end":{"line":175,"column":49}},{"start":{"line":176,"column":48},"end":{"line":180,"column":null}}]},"15":{"loc":{"start":{"line":194,"column":50},"end":{"line":194,"column":66}},"type":"binary-expr","locations":[{"start":{"line":194,"column":50},"end":{"line":194,"column":57}},{"start":{"line":194,"column":61},"end":{"line":194,"column":66}}]},"16":{"loc":{"start":{"line":197,"column":41},"end":{"line":207,"column":null}},"type":"cond-expr","locations":[{"start":{"line":198,"column":44},"end":{"line":199,"column":null}},{"start":{"line":203,"column":44},"end":{"line":204,"column":null}}]}},"s":{"0":1,"1":1,"2":1,"3":1,"4":1,"5":1,"6":1,"7":43,"8":43,"9":43,"10":43,"11":43,"12":43,"13":12,"14":12,"15":11,"16":1,"17":1,"18":10,"19":1,"20":1,"21":9,"22":43,"23":8,"24":8,"25":8,"26":8,"27":8,"28":8,"29":0,"30":43,"31":9,"32":1,"33":1,"34":8,"35":8,"36":8,"37":8,"38":6,"39":6,"40":2,"41":2,"42":8,"43":43,"44":1,"45":1,"46":1,"47":1,"48":0,"49":43,"50":30,"51":20,"52":10,"53":5,"54":5,"55":43,"56":6,"57":4,"58":2,"59":1,"60":1,"61":43,"62":18,"63":6,"64":12,"65":6,"66":6,"67":43,"68":1,"69":24,"70":12,"71":18,"72":1},"f":{"0":43,"1":12,"2":8,"3":8,"4":8,"5":0,"6":9,"7":1,"8":30,"9":6,"10":18,"11":1,"12":24,"13":12,"14":18},"b":{"0":[11,1],"1":[1,10],"2":[1,9],"3":[1,8],"4":[2,1],"5":[0,1],"6":[20,10],"7":[5,5],"8":[4,2],"9":[1,1],"10":[6,12],"11":[6,6],"12":[37,6],"13":[19,18],"14":[37,19],"15":[37,29],"16":[8,29]}}
,"C:\\job_portal\\ui_service\\src\\components\\ThemeProvider.tsx": {"path":"C:\\job_portal\\ui_service\\src\\components\\ThemeProvider.tsx","statementMap":{"0":{"start":{"line":18,"column":0},"end":{"line":18,"column":16}},"1":{"start":{"line":1,"column":0},"end":{"line":1,"column":70}},"2":{"start":{"line":16,"column":29},"end":{"line":16,"column":85}},"3":{"start":{"line":24,"column":28},"end":{"line":25,"column":null}},"4":{"start":{"line":25,"column":11},"end":{"line":25,"column":69}},"5":{"start":{"line":28,"column":2},"end":{"line":44,"column":null}},"6":{"start":{"line":29,"column":17},"end":{"line":29,"column":48}},"7":{"start":{"line":31,"column":4},"end":{"line":31,"column":null}},"8":{"start":{"line":33,"column":4},"end":{"line":41,"column":5}},"9":{"start":{"line":34,"column":26},"end":{"line":37,"column":17}},"10":{"start":{"line":39,"column":6},"end":{"line":39,"column":null}},"11":{"start":{"line":40,"column":6},"end":{"line":40,"column":12}},"12":{"start":{"line":43,"column":4},"end":{"line":43,"column":null}},"13":{"start":{"line":46,"column":16},"end":{"line":52,"column":null}},"14":{"start":{"line":49,"column":6},"end":{"line":49,"column":null}},"15":{"start":{"line":50,"column":6},"end":{"line":50,"column":null}},"16":{"start":{"line":54,"column":2},"end":{"line":58,"column":null}},"17":{"start":{"line":61,"column":24},"end":{"line":68,"column":1}},"18":{"start":{"line":62,"column":18},"end":{"line":62,"column":50}},"19":{"start":{"line":64,"column":2},"end":{"line":65,"column":null}},"20":{"start":{"line":65,"column":4},"end":{"line":65,"column":null}},"21":{"start":{"line":67,"column":2},"end":{"line":67,"column":null}},"22":{"start":{"line":61,"column":13},"end":{"line":61,"column":24}}},"fnMap":{"0":{"name":"ThemeProvider","decl":{"start":{"line":18,"column":16},"end":{"line":18,"column":29}},"loc":{"start":{"line":23,"column":21},"end":{"line":59,"column":1}}},"1":{"name":"(anonymous_1)","decl":{"start":{"line":25,"column":4},"end":{"line":25,"column":7}},"loc":{"start":{"line":25,"column":11},"end":{"line":25,"column":69}}},"2":{"name":"(anonymous_2)","decl":{"start":{"line":28,"column":12},"end":{"line":28,"column":15}},"loc":{"start":{"line":28,"column":17},"end":{"line":44,"column":3}}},"3":{"name":"(anonymous_3)","decl":{"start":{"line":48,"column":14},"end":{"line":48,"column":15}},"loc":{"start":{"line":48,"column":31},"end":{"line":51,"column":5}}},"4":{"name":"(anonymous_4)","decl":{"start":{"line":61,"column":24},"end":{"line":61,"column":27}},"loc":{"start":{"line":61,"column":29},"end":{"line":68,"column":1}}}},"branchMap":{"0":{"loc":{"start":{"line":20,"column":2},"end":{"line":20,"column":25}},"type":"default-arg","locations":[{"start":{"line":20,"column":17},"end":{"line":20,"column":25}}]},"1":{"loc":{"start":{"line":21,"column":2},"end":{"line":21,"column":30}},"type":"default-arg","locations":[{"start":{"line":21,"column":15},"end":{"line":21,"column":30}}]},"2":{"loc":{"start":{"line":25,"column":11},"end":{"line":25,"column":69}},"type":"binary-expr","locations":[{"start":{"line":25,"column":11},"end":{"line":25,"column":53}},{"start":{"line":25,"column":57},"end":{"line":25,"column":69}}]},"3":{"loc":{"start":{"line":33,"column":4},"end":{"line":41,"column":5}},"type":"if","locations":[{"start":{"line":33,"column":4},"end":{"line":41,"column":5}},{"start":{},"end":{}}]},"4":{"loc":{"start":{"line":34,"column":26},"end":{"line":37,"column":17}},"type":"cond-expr","locations":[{"start":{"line":36,"column":10},"end":{"line":36,"column":16}},{"start":{"line":37,"column":10},"end":{"line":37,"column":17}}]},"5":{"loc":{"start":{"line":64,"column":2},"end":{"line":65,"column":null}},"type":"if","locations":[{"start":{"line":64,"column":2},"end":{"line":65,"column":null}},{"start":{},"end":{}}]}},"s":{"0":3,"1":3,"2":3,"3":23,"4":19,"5":23,"6":23,"7":23,"8":23,"9":15,"10":15,"11":15,"12":8,"13":23,"14":5,"15":5,"16":23,"17":3,"18":45,"19":44,"20":2,"21":42,"22":3},"f":{"0":23,"1":19,"2":23,"3":5,"4":45},"b":{"0":[16],"1":[22],"2":[19,17],"3":[15,8],"4":[2,13],"5":[2,42]}}
,"C:\\job_portal\\ui_service\\src\\components\\ToggleMode.tsx": {"path":"C:\\job_portal\\ui_service\\src\\components\\ToggleMode.tsx","statementMap":{"0":{"start":{"line":11,"column":0},"end":{"line":11,"column":16}},"1":{"start":{"line":1,"column":0},"end":{"line":1,"column":40}},"2":{"start":{"line":3,"column":0},"end":{"line":3,"column":null}},"3":{"start":{"line":9,"column":0},"end":{"line":9,"column":54}},"4":{"start":{"line":12,"column":23},"end":{"line":12,"column":33}},"5":{"start":{"line":14,"column":2},"end":{"line":33,"column":null}},"6":{"start":{"line":22,"column":41},"end":{"line":22,"column":58}},"7":{"start":{"line":25,"column":41},"end":{"line":25,"column":57}},"8":{"start":{"line":28,"column":41},"end":{"line":28,"column":59}}},"fnMap":{"0":{"name":"ModeToggle","decl":{"start":{"line":11,"column":16},"end":{"line":11,"column":26}},"loc":{"start":{"line":11,"column":26},"end":{"line":34,"column":1}}},"1":{"name":"(anonymous_1)","decl":{"start":{"line":22,"column":35},"end":{"line":22,"column":38}},"loc":{"start":{"line":22,"column":41},"end":{"line":22,"column":58}}},"2":{"name":"(anonymous_2)","decl":{"start":{"line":25,"column":35},"end":{"line":25,"column":38}},"loc":{"start":{"line":25,"column":41},"end":{"line":25,"column":57}}},"3":{"name":"(anonymous_3)","decl":{"start":{"line":28,"column":35},"end":{"line":28,"column":38}},"loc":{"start":{"line":28,"column":41},"end":{"line":28,"column":59}}}},"branchMap":{},"s":{"0":2,"1":2,"2":2,"3":2,"4":33,"5":33,"6":1,"7":1,"8":1},"f":{"0":33,"1":1,"2":1,"3":1},"b":{}}
,"C:\\job_portal\\ui_service\\src\\pages\\Authentication\\SignupPage.tsx": {"path":"C:\\job_portal\\ui_service\\src\\pages\\Authentication\\SignupPage.tsx","statementMap":{"0":{"start":{"line":1,"column":0},"end":{"line":1,"column":49}},"1":{"start":{"line":2,"column":0},"end":{"line":2,"column":50}},"2":{"start":{"line":3,"column":0},"end":{"line":3,"column":36}},"3":{"start":{"line":4,"column":0},"end":{"line":4,"column":26}},"4":{"start":{"line":5,"column":0},"end":{"line":5,"column":67}},"5":{"start":{"line":6,"column":0},"end":{"line":6,"column":93}},"6":{"start":{"line":7,"column":0},"end":{"line":7,"column":70}},"7":{"start":{"line":8,"column":0},"end":{"line":8,"column":39}},"8":{"start":{"line":9,"column":0},"end":{"line":9,"column":32}},"9":{"start":{"line":10,"column":0},"end":{"line":10,"column":55}},"10":{"start":{"line":11,"column":0},"end":{"line":11,"column":57}},"11":{"start":{"line":12,"column":0},"end":{"line":12,"column":55}},"12":{"start":{"line":13,"column":0},"end":{"line":13,"column":92}},"13":{"start":{"line":15,"column":25},"end":{"line":15,"column":42}},"14":{"start":{"line":17,"column":19},"end":{"line":180,"column":1}},"15":{"start":{"line":18,"column":26},"end":{"line":18,"column":46}},"16":{"start":{"line":19,"column":26},"end":{"line":19,"column":46}},"17":{"start":{"line":20,"column":40},"end":{"line":20,"column":60}},"18":{"start":{"line":21,"column":24},"end":{"line":21,"column":44}},"19":{"start":{"line":22,"column":28},"end":{"line":22,"column":48}},"20":{"start":{"line":23,"column":34},"end":{"line":23,"column":54}},"21":{"start":{"line":24,"column":30},"end":{"line":24,"column":57}},"22":{"start":{"line":25,"column":19},"end":{"line":25,"column":35}},"23":{"start":{"line":26,"column":33},"end":{"line":26,"column":70}},"24":{"start":{"line":26,"column":59},"end":{"line":26,"column":69}},"25":{"start":{"line":28,"column":2},"end":{"line":28,"column":49}},"26":{"start":{"line":28,"column":14},"end":{"line":28,"column":49}},"27":{"start":{"line":30,"column":24},"end":{"line":85,"column":3}},"28":{"start":{"line":31,"column":4},"end":{"line":31,"column":23}},"29":{"start":{"line":33,"column":4},"end":{"line":33,"column":31}},"30":{"start":{"line":34,"column":4},"end":{"line":34,"column":34}},"31":{"start":{"line":36,"column":21},"end":{"line":36,"column":35}},"32":{"start":{"line":37,"column":4},"end":{"line":37,"column":34}},"33":{"start":{"line":38,"column":4},"end":{"line":38,"column":34}},"34":{"start":{"line":39,"column":4},"end":{"line":39,"column":48}},"35":{"start":{"line":40,"column":4},"end":{"line":40,"column":36}},"36":{"start":{"line":41,"column":4},"end":{"line":41,"column":42}},"37":{"start":{"line":43,"column":4},"end":{"line":48,"column":5}},"38":{"start":{"line":44,"column":6},"end":{"line":44,"column":34}},"39":{"start":{"line":45,"column":6},"end":{"line":47,"column":7}},"40":{"start":{"line":46,"column":8},"end":{"line":46,"column":42}},"41":{"start":{"line":50,"column":4},"end":{"line":84,"column":5}},"42":{"start":{"line":51,"column":22},"end":{"line":51,"column":71}},"43":{"start":{"line":52,"column":23},"end":{"line":61,"column":null}},"44":{"start":{"line":63,"column":20},"end":{"line":63,"column":30}},"45":{"start":{"line":64,"column":6},"end":{"line":69,"column":9}},"46":{"start":{"line":70,"column":6},"end":{"line":70,"column":34}},"47":{"start":{"line":71,"column":6},"end":{"line":71,"column":80}},"48":{"start":{"line":72,"column":6},"end":{"line":72,"column":43}},"49":{"start":{"line":73,"column":6},"end":{"line":73,"column":47}},"50":{"start":{"line":74,"column":6},"end":{"line":74,"column":32}},"51":{"start":{"line":76,"column":22},"end":{"line":76,"column":93}},"52":{"start":{"line":77,"column":6},"end":{"line":77,"column":27}},"53":{"start":{"line":78,"column":6},"end":{"line":78,"column":30}},"54":{"start":{"line":79,"column":6},"end":{"line":79,"column":34}},"55":{"start":{"line":80,"column":6},"end":{"line":80,"column":33}},"56":{"start":{"line":82,"column":6},"end":{"line":82,"column":34}},"57":{"start":{"line":83,"column":6},"end":{"line":83,"column":37}},"58":{"start":{"line":87,"column":2},"end":{"line":179,"column":4}},"59":{"start":{"line":100,"column":64},"end":{"line":100,"column":87}},"60":{"start":{"line":114,"column":111},"end":{"line":114,"column":134}},"61":{"start":{"line":121,"column":114},"end":{"line":121,"column":138}},"62":{"start":{"line":128,"column":121},"end":{"line":128,"column":148}},"63":{"start":{"line":135,"column":129},"end":{"line":135,"column":159}},"64":{"start":{"line":146,"column":30},"end":{"line":148,"column":31}},"65":{"start":{"line":147,"column":32},"end":{"line":147,"column":61}},"66":{"start":{"line":156,"column":130},"end":{"line":156,"column":152}},"67":{"start":{"line":182,"column":0},"end":{"line":182,"column":26}}},"fnMap":{"0":{"name":"(anonymous_1)","decl":{"start":{"line":17,"column":19},"end":{"line":17,"column":22}},"loc":{"start":{"line":17,"column":24},"end":{"line":180,"column":1}}},"1":{"name":"(anonymous_2)","decl":{"start":{"line":26,"column":48},"end":{"line":26,"column":49}},"loc":{"start":{"line":26,"column":59},"end":{"line":26,"column":69}}},"2":{"name":"(anonymous_3)","decl":{"start":{"line":30,"column":24},"end":{"line":30,"column":29}},"loc":{"start":{"line":30,"column":64},"end":{"line":85,"column":3}}},"3":{"name":"(anonymous_4)","decl":{"start":{"line":100,"column":57},"end":{"line":100,"column":58}},"loc":{"start":{"line":100,"column":64},"end":{"line":100,"column":87}}},"4":{"name":"(anonymous_5)","decl":{"start":{"line":114,"column":104},"end":{"line":114,"column":105}},"loc":{"start":{"line":114,"column":111},"end":{"line":114,"column":134}}},"5":{"name":"(anonymous_6)","decl":{"start":{"line":121,"column":107},"end":{"line":121,"column":108}},"loc":{"start":{"line":121,"column":114},"end":{"line":121,"column":138}}},"6":{"name":"(anonymous_7)","decl":{"start":{"line":128,"column":114},"end":{"line":128,"column":115}},"loc":{"start":{"line":128,"column":121},"end":{"line":128,"column":148}}},"7":{"name":"(anonymous_8)","decl":{"start":{"line":135,"column":122},"end":{"line":135,"column":123}},"loc":{"start":{"line":135,"column":129},"end":{"line":135,"column":159}}},"8":{"name":"(anonymous_9)","decl":{"start":{"line":145,"column":94},"end":{"line":145,"column":95}},"loc":{"start":{"line":145,"column":100},"end":{"line":149,"column":29}}},"9":{"name":"(anonymous_10)","decl":{"start":{"line":156,"column":123},"end":{"line":156,"column":124}},"loc":{"start":{"line":156,"column":130},"end":{"line":156,"column":152}}}},"branchMap":{"0":{"loc":{"start":{"line":28,"column":2},"end":{"line":28,"column":49}},"type":"if","locations":[{"start":{"line":28,"column":2},"end":{"line":28,"column":49}},{"start":{},"end":{}}]},"1":{"loc":{"start":{"line":43,"column":4},"end":{"line":48,"column":5}},"type":"if","locations":[{"start":{"line":43,"column":4},"end":{"line":48,"column":5}},{"start":{},"end":{}}]},"2":{"loc":{"start":{"line":45,"column":6},"end":{"line":47,"column":7}},"type":"if","locations":[{"start":{"line":45,"column":6},"end":{"line":47,"column":7}},{"start":{},"end":{}}]},"3":{"loc":{"start":{"line":51,"column":23},"end":{"line":51,"column":51}},"type":"binary-expr","locations":[{"start":{"line":51,"column":23},"end":{"line":51,"column":45}},{"start":{"line":51,"column":49},"end":{"line":51,"column":51}}]},"4":{"loc":{"start":{"line":76,"column":22},"end":{"line":76,"column":93}},"type":"binary-expr","locations":[{"start":{"line":76,"column":22},"end":{"line":76,"column":52}},{"start":{"line":76,"column":56},"end":{"line":76,"column":70}},{"start":{"line":76,"column":74},"end":{"line":76,"column":93}}]},"5":{"loc":{"start":{"line":108,"column":14},"end":{"line":166,"column":null}},"type":"binary-expr","locations":[{"start":{"line":108,"column":14},"end":{"line":108,"column":18}},{"start":{"line":109,"column":16},"end":{"line":165,"column":null}}]},"6":{"loc":{"start":{"line":139,"column":20},"end":{"line":159,"column":null}},"type":"binary-expr","locations":[{"start":{"line":139,"column":20},"end":{"line":139,"column":40}},{"start":{"line":140,"column":22},"end":{"line":158,"column":null}}]},"7":{"loc":{"start":{"line":146,"column":30},"end":{"line":148,"column":31}},"type":"if","locations":[{"start":{"line":146,"column":30},"end":{"line":148,"column":31}},{"start":{},"end":{}}]},"8":{"loc":{"start":{"line":146,"column":33},"end":{"line":146,"column":68}},"type":"binary-expr","locations":[{"start":{"line":146,"column":33},"end":{"line":146,"column":47}},{"start":{"line":146,"column":51},"end":{"line":146,"column":68}}]},"9":{"loc":{"start":{"line":163,"column":21},"end":{"line":163,"column":60}},"type":"cond-expr","locations":[{"start":{"line":163,"column":34},"end":{"line":163,"column":49}},{"start":{"line":163,"column":52},"end":{"line":163,"column":60}}]}},"s":{"0":2,"1":2,"2":2,"3":2,"4":2,"5":2,"6":2,"7":2,"8":2,"9":2,"10":2,"11":2,"12":2,"13":2,"14":2,"15":403,"16":403,"17":403,"18":403,"19":403,"20":403,"21":403,"22":403,"23":403,"24":462,"25":403,"26":6,"27":397,"28":8,"29":8,"30":8,"31":8,"32":8,"33":8,"34":8,"35":8,"36":8,"37":8,"38":2,"39":2,"40":1,"41":8,"42":8,"43":8,"44":5,"45":5,"46":5,"47":5,"48":5,"49":5,"50":5,"51":3,"52":3,"53":3,"54":3,"55":3,"56":8,"57":8,"58":397,"59":10,"60":72,"61":128,"62":72,"63":80,"64":1,"65":1,"66":12,"67":2},"f":{"0":403,"1":462,"2":8,"3":10,"4":72,"5":128,"6":72,"7":80,"8":1,"9":12},"b":{"0":[6,397],"1":[2,6],"2":[1,1],"3":[8,0],"4":[3,2,1],"5":[397,386],"6":[386,106],"7":[1,0],"8":[1,1],"9":[8,378]}}
,"C:\\job_portal\\ui_service\\src\\redux\\hooks.ts": {"path":"C:\\job_portal\\ui_service\\src\\redux\\hooks.ts","statementMap":{"0":{"start":{"line":1,"column":0},"end":{"line":1,"column":82}},"1":{"start":{"line":5,"column":30},"end":{"line":5,"column":62}},"2":{"start":{"line":5,"column":36},"end":{"line":5,"column":62}},"3":{"start":{"line":5,"column":13},"end":{"line":5,"column":30}},"4":{"start":{"line":7,"column":13},"end":{"line":7,"column":75}}},"fnMap":{"0":{"name":"(anonymous_0)","decl":{"start":{"line":5,"column":30},"end":{"line":5,"column":33}},"loc":{"start":{"line":5,"column":36},"end":{"line":5,"column":62}}}},"branchMap":{},"s":{"0":5,"1":5,"2":446,"3":5,"4":5},"f":{"0":446},"b":{}}
,"C:\\job_portal\\ui_service\\src\\redux\\slices\\loaderSlice.ts": {"path":"C:\\job_portal\\ui_service\\src\\redux\\slices\\loaderSlice.ts","statementMap":{"0":{"start":{"line":2,"column":0},"end":{"line":2,"column":47}},"1":{"start":{"line":4,"column":20},"end":{"line":16,"column":2}},"2":{"start":{"line":9,"column":6},"end":{"line":9,"column":27}},"3":{"start":{"line":10,"column":6},"end":{"line":10,"column":44}},"4":{"start":{"line":13,"column":6},"end":{"line":13,"column":28}},"5":{"start":{"line":18,"column":13},"end":{"line":18,"column":42}},"6":{"start":{"line":19,"column":0},"end":{"line":19,"column":35}}},"fnMap":{"0":{"name":"(anonymous_0)","decl":{"start":{"line":8,"column":16},"end":{"line":8,"column":17}},"loc":{"start":{"line":8,"column":34},"end":{"line":11,"column":5}}},"1":{"name":"(anonymous_1)","decl":{"start":{"line":12,"column":16},"end":{"line":12,"column":17}},"loc":{"start":{"line":12,"column":26},"end":{"line":14,"column":5}}}},"branchMap":{"0":{"loc":{"start":{"line":10,"column":19},"end":{"line":10,"column":43}},"type":"binary-expr","locations":[{"start":{"line":10,"column":19},"end":{"line":10,"column":33}},{"start":{"line":10,"column":37},"end":{"line":10,"column":43}}]}},"s":{"0":4,"1":4,"2":6,"3":6,"4":3,"5":4,"6":4},"f":{"0":6,"1":3},"b":{"0":[6,3]}}
,"C:\\job_portal\\ui_service\\src\\redux\\slices\\userSlice.ts": {"path":"C:\\job_portal\\ui_service\\src\\redux\\slices\\userSlice.ts","statementMap":{"0":{"start":{"line":1,"column":0},"end":{"line":1,"column":67}},"1":{"start":{"line":8,"column":32},"end":{"line":10,"column":null}},"2":{"start":{"line":12,"column":18},"end":{"line":23,"column":2}},"3":{"start":{"line":17,"column":12},"end":{"line":17,"column":40}},"4":{"start":{"line":20,"column":12},"end":{"line":20,"column":30}},"5":{"start":{"line":25,"column":13},"end":{"line":25,"column":38}},"6":{"start":{"line":27,"column":0},"end":{"line":27,"column":33}}},"fnMap":{"0":{"name":"(anonymous_0)","decl":{"start":{"line":16,"column":8},"end":{"line":16,"column":15}},"loc":{"start":{"line":16,"column":57},"end":{"line":18,"column":9}}},"1":{"name":"(anonymous_1)","decl":{"start":{"line":19,"column":8},"end":{"line":19,"column":17}},"loc":{"start":{"line":19,"column":23},"end":{"line":21,"column":9}}}},"branchMap":{},"s":{"0":6,"1":6,"2":6,"3":14,"4":2,"5":6,"6":6},"f":{"0":14,"1":2},"b":{}}
}
