{"C:\\job_portal\\ui_service\\src\\components\\Footer.tsx": {"path":"C:\\job_portal\\ui_service\\src\\components\\Footer.tsx","statementMap":{"0":{"start":{"line":3,"column":15},"end":{"line":15,"column":1}},"1":{"start":{"line":4,"column":2},"end":{"line":14,"column":null}},"2":{"start":{"line":17,"column":0},"end":{"line":17,"column":null}}},"fnMap":{"0":{"name":"(anonymous_0)","decl":{"start":{"line":3,"column":15},"end":{"line":3,"column":18}},"loc":{"start":{"line":3,"column":20},"end":{"line":15,"column":1}}}},"branchMap":{},"s":{"0":1,"1":1,"2":1},"f":{"0":1},"b":{}}
,"C:\\job_portal\\ui_service\\src\\components\\Navbar.tsx": {"path":"C:\\job_portal\\ui_service\\src\\components\\Navbar.tsx","statementMap":{"0":{"start":{"line":1,"column":0},"end":{"line":1,"column":40}},"1":{"start":{"line":2,"column":0},"end":{"line":2,"column":33}},"2":{"start":{"line":3,"column":0},"end":{"line":3,"column":54}},"3":{"start":{"line":4,"column":0},"end":{"line":4,"column":83}},"4":{"start":{"line":5,"column":0},"end":{"line":5,"column":88}},"5":{"start":{"line":6,"column":0},"end":{"line":6,"column":76}},"6":{"start":{"line":7,"column":0},"end":{"line":7,"column":54}},"7":{"start":{"line":9,"column":15},"end":{"line":150,"column":1}},"8":{"start":{"line":10,"column":26},"end":{"line":10,"column":41}},"9":{"start":{"line":11,"column":26},"end":{"line":11,"column":30}},"10":{"start":{"line":12,"column":23},"end":{"line":14,"column":3}},"11":{"start":{"line":15,"column":21},"end":{"line":17,"column":3}},"12":{"start":{"line":16,"column":4},"end":{"line":16,"column":19}},"13":{"start":{"line":18,"column":2},"end":{"line":149,"column":null}},"14":{"start":{"line":130,"column":16},"end":{"line":130,"column":31}},"15":{"start":{"line":131,"column":16},"end":{"line":131,"column":29}},"16":{"start":{"line":152,"column":0},"end":{"line":152,"column":null}}},"fnMap":{"0":{"name":"(anonymous_0)","decl":{"start":{"line":9,"column":15},"end":{"line":9,"column":18}},"loc":{"start":{"line":9,"column":20},"end":{"line":150,"column":1}}},"1":{"name":"(anonymous_1)","decl":{"start":{"line":12,"column":23},"end":{"line":12,"column":26}},"loc":{"start":{"line":12,"column":28},"end":{"line":14,"column":3}}},"2":{"name":"(anonymous_2)","decl":{"start":{"line":15,"column":21},"end":{"line":15,"column":24}},"loc":{"start":{"line":15,"column":26},"end":{"line":17,"column":3}}},"3":{"name":"(anonymous_3)","decl":{"start":{"line":129,"column":99},"end":{"line":129,"column":102}},"loc":{"start":{"line":129,"column":104},"end":{"line":132,"column":15}}}},"branchMap":{"0":{"loc":{"start":{"line":54,"column":14},"end":{"line":83,"column":null}},"type":"cond-expr","locations":[{"start":{"line":54,"column":32},"end":{"line":78,"column":null}},{"start":{"line":79,"column":27},"end":{"line":83,"column":null}}]},"1":{"loc":{"start":{"line":93,"column":16},"end":{"line":93,"column":59}},"type":"cond-expr","locations":[{"start":{"line":93,"column":23},"end":{"line":93,"column":38}},{"start":{"line":93,"column":41},"end":{"line":93,"column":59}}]},"2":{"loc":{"start":{"line":100,"column":100},"end":{"line":100,"column":148}},"type":"cond-expr","locations":[{"start":{"line":100,"column":106},"end":{"line":100,"column":126}},{"start":{"line":100,"column":129},"end":{"line":100,"column":148}}]},"3":{"loc":{"start":{"line":122,"column":12},"end":{"line":143,"column":null}},"type":"cond-expr","locations":[{"start":{"line":122,"column":31},"end":{"line":135,"column":null}},{"start":{"line":138,"column":14},"end":{"line":142,"column":null}}]}},"s":{"0":1,"1":1,"2":1,"3":1,"4":1,"5":1,"6":1,"7":1,"8":13,"9":13,"10":13,"11":13,"12":6,"13":13,"14":1,"15":1,"16":1},"f":{"0":13,"1":1,"2":6,"3":1},"b":{"0":[13,0],"1":[4,9],"2":[4,9],"3":[13,0]}}
,"C:\\job_portal\\ui_service\\src\\components\\ThemeProvider.tsx": {"path":"C:\\job_portal\\ui_service\\src\\components\\ThemeProvider.tsx","statementMap":{"0":{"start":{"line":18,"column":0},"end":{"line":18,"column":16}},"1":{"start":{"line":1,"column":0},"end":{"line":1,"column":70}},"2":{"start":{"line":16,"column":29},"end":{"line":16,"column":85}},"3":{"start":{"line":24,"column":28},"end":{"line":25,"column":null}},"4":{"start":{"line":25,"column":11},"end":{"line":25,"column":69}},"5":{"start":{"line":28,"column":2},"end":{"line":44,"column":null}},"6":{"start":{"line":29,"column":17},"end":{"line":29,"column":48}},"7":{"start":{"line":31,"column":4},"end":{"line":31,"column":null}},"8":{"start":{"line":33,"column":4},"end":{"line":41,"column":5}},"9":{"start":{"line":34,"column":26},"end":{"line":37,"column":17}},"10":{"start":{"line":39,"column":6},"end":{"line":39,"column":null}},"11":{"start":{"line":40,"column":6},"end":{"line":40,"column":12}},"12":{"start":{"line":43,"column":4},"end":{"line":43,"column":null}},"13":{"start":{"line":46,"column":16},"end":{"line":52,"column":null}},"14":{"start":{"line":49,"column":6},"end":{"line":49,"column":null}},"15":{"start":{"line":50,"column":6},"end":{"line":50,"column":null}},"16":{"start":{"line":54,"column":2},"end":{"line":58,"column":null}},"17":{"start":{"line":61,"column":24},"end":{"line":68,"column":1}},"18":{"start":{"line":62,"column":18},"end":{"line":62,"column":50}},"19":{"start":{"line":64,"column":2},"end":{"line":65,"column":null}},"20":{"start":{"line":65,"column":4},"end":{"line":65,"column":null}},"21":{"start":{"line":67,"column":2},"end":{"line":67,"column":null}},"22":{"start":{"line":61,"column":13},"end":{"line":61,"column":24}}},"fnMap":{"0":{"name":"ThemeProvider","decl":{"start":{"line":18,"column":16},"end":{"line":18,"column":29}},"loc":{"start":{"line":23,"column":21},"end":{"line":59,"column":1}}},"1":{"name":"(anonymous_1)","decl":{"start":{"line":25,"column":4},"end":{"line":25,"column":7}},"loc":{"start":{"line":25,"column":11},"end":{"line":25,"column":69}}},"2":{"name":"(anonymous_2)","decl":{"start":{"line":28,"column":12},"end":{"line":28,"column":15}},"loc":{"start":{"line":28,"column":17},"end":{"line":44,"column":3}}},"3":{"name":"(anonymous_3)","decl":{"start":{"line":48,"column":14},"end":{"line":48,"column":15}},"loc":{"start":{"line":48,"column":31},"end":{"line":51,"column":5}}},"4":{"name":"(anonymous_4)","decl":{"start":{"line":61,"column":24},"end":{"line":61,"column":27}},"loc":{"start":{"line":61,"column":29},"end":{"line":68,"column":1}}}},"branchMap":{"0":{"loc":{"start":{"line":20,"column":2},"end":{"line":20,"column":25}},"type":"default-arg","locations":[{"start":{"line":20,"column":17},"end":{"line":20,"column":25}}]},"1":{"loc":{"start":{"line":21,"column":2},"end":{"line":21,"column":30}},"type":"default-arg","locations":[{"start":{"line":21,"column":15},"end":{"line":21,"column":30}}]},"2":{"loc":{"start":{"line":25,"column":11},"end":{"line":25,"column":69}},"type":"binary-expr","locations":[{"start":{"line":25,"column":11},"end":{"line":25,"column":53}},{"start":{"line":25,"column":57},"end":{"line":25,"column":69}}]},"3":{"loc":{"start":{"line":33,"column":4},"end":{"line":41,"column":5}},"type":"if","locations":[{"start":{"line":33,"column":4},"end":{"line":41,"column":5}},{"start":{},"end":{}}]},"4":{"loc":{"start":{"line":34,"column":26},"end":{"line":37,"column":17}},"type":"cond-expr","locations":[{"start":{"line":36,"column":10},"end":{"line":36,"column":16}},{"start":{"line":37,"column":10},"end":{"line":37,"column":17}}]},"5":{"loc":{"start":{"line":64,"column":2},"end":{"line":65,"column":null}},"type":"if","locations":[{"start":{"line":64,"column":2},"end":{"line":65,"column":null}},{"start":{},"end":{}}]}},"s":{"0":3,"1":3,"2":3,"3":23,"4":19,"5":23,"6":23,"7":23,"8":23,"9":15,"10":15,"11":15,"12":8,"13":23,"14":5,"15":5,"16":23,"17":3,"18":45,"19":44,"20":2,"21":42,"22":3},"f":{"0":23,"1":19,"2":23,"3":5,"4":45},"b":{"0":[16],"1":[22],"2":[19,17],"3":[15,8],"4":[2,13],"5":[2,42]}}
,"C:\\job_portal\\ui_service\\src\\components\\ToggleMode.tsx": {"path":"C:\\job_portal\\ui_service\\src\\components\\ToggleMode.tsx","statementMap":{"0":{"start":{"line":12,"column":0},"end":{"line":12,"column":16}},"1":{"start":{"line":1,"column":0},"end":{"line":1,"column":40}},"2":{"start":{"line":3,"column":0},"end":{"line":3,"column":53}},"3":{"start":{"line":4,"column":0},"end":{"line":4,"column":null}},"4":{"start":{"line":10,"column":0},"end":{"line":10,"column":54}},"5":{"start":{"line":13,"column":23},"end":{"line":13,"column":33}},"6":{"start":{"line":15,"column":2},"end":{"line":36,"column":null}},"7":{"start":{"line":25,"column":41},"end":{"line":25,"column":58}},"8":{"start":{"line":28,"column":41},"end":{"line":28,"column":57}},"9":{"start":{"line":31,"column":41},"end":{"line":31,"column":59}}},"fnMap":{"0":{"name":"ModeToggle","decl":{"start":{"line":12,"column":16},"end":{"line":12,"column":26}},"loc":{"start":{"line":12,"column":26},"end":{"line":37,"column":1}}},"1":{"name":"(anonymous_1)","decl":{"start":{"line":25,"column":35},"end":{"line":25,"column":38}},"loc":{"start":{"line":25,"column":41},"end":{"line":25,"column":58}}},"2":{"name":"(anonymous_2)","decl":{"start":{"line":28,"column":35},"end":{"line":28,"column":38}},"loc":{"start":{"line":28,"column":41},"end":{"line":28,"column":57}}},"3":{"name":"(anonymous_3)","decl":{"start":{"line":31,"column":35},"end":{"line":31,"column":38}},"loc":{"start":{"line":31,"column":41},"end":{"line":31,"column":59}}}},"branchMap":{},"s":{"0":2,"1":2,"2":2,"3":2,"4":2,"5":33,"6":33,"7":1,"8":1,"9":1},"f":{"0":33,"1":1,"2":1,"3":1},"b":{}}
}
