TN:
SF:src\components\CareerGuidance.tsx
FN:11,(anonymous_1)
FN:18,(anonymous_2)
FN:25,(anonymous_3)
FN:26,(anonymous_4)
FN:29,(anonymous_5)
FN:35,(anonymous_6)
FN:57,(anonymous_7)
FN:95,(anonymous_8)
FN:105,(anonymous_9)
FN:108,(anonymous_10)
FN:155,(anonymous_11)
FN:179,(anonymous_12)
FN:186,(anonymous_13)
FN:210,(anonymous_14)
FNF:14
FNH:14
FNDA:85,(anonymous_1)
FNDA:10,(anonymous_2)
FNDA:1,(anonymous_3)
FNDA:1,(anonymous_4)
FNDA:55,(anonymous_5)
FNDA:5,(anonymous_6)
FNDA:1,(anonymous_7)
FNDA:53,(anonymous_8)
FNDA:18,(anonymous_9)
FNDA:1,(anonymous_10)
FNDA:3,(anonymous_11)
FNDA:3,(anonymous_12)
FNDA:3,(anonymous_13)
FNDA:6,(anonymous_14)
DA:1,1
DA:2,1
DA:3,1
DA:5,1
DA:6,1
DA:7,1
DA:8,1
DA:9,1
DA:11,1
DA:12,85
DA:13,85
DA:14,85
DA:15,85
DA:16,85
DA:18,85
DA:19,10
DA:20,8
DA:21,8
DA:25,85
DA:26,1
DA:29,85
DA:30,55
DA:31,1
DA:35,85
DA:36,5
DA:37,1
DA:38,1
DA:40,4
DA:41,4
DA:42,4
DA:48,3
DA:49,3
DA:51,1
DA:53,4
DA:57,85
DA:58,1
DA:59,1
DA:60,1
DA:61,1
DA:63,85
DA:95,53
DA:106,18
DA:108,1
DA:156,3
DA:180,3
DA:187,3
DA:211,6
DA:230,1
LF:48
LH:48
BRDA:19,0,0,8
BRDA:19,0,1,2
BRDA:19,1,0,10
BRDA:19,1,1,9
BRDA:30,2,0,1
BRDA:30,2,1,54
BRDA:36,3,0,1
BRDA:36,3,1,4
BRDA:84,4,0,82
BRDA:84,4,1,3
BRDA:100,5,0,82
BRDA:100,5,1,18
BRDA:117,6,0,82
BRDA:117,6,1,78
BRDA:119,7,0,4
BRDA:119,7,1,78
BRF:16
BRH:16
end_of_record
TN:
SF:src\components\Footer.tsx
FN:1,(anonymous_0)
FNF:1
FNH:1
FNDA:1,(anonymous_0)
DA:1,1
DA:2,1
DA:15,1
LF:3
LH:3
BRF:0
BRH:0
end_of_record
TN:
SF:src\components\Navbar.tsx
FN:9,(anonymous_0)
FN:12,(anonymous_1)
FN:15,(anonymous_2)
FN:127,(anonymous_3)
FNF:4
FNH:4
FNDA:13,(anonymous_0)
FNDA:1,(anonymous_1)
FNDA:6,(anonymous_2)
FNDA:1,(anonymous_3)
DA:1,1
DA:2,1
DA:3,1
DA:4,1
DA:5,1
DA:6,1
DA:7,1
DA:9,1
DA:10,13
DA:11,13
DA:12,13
DA:15,13
DA:16,6
DA:18,13
DA:128,1
DA:129,1
DA:150,1
LF:17
LH:17
BRDA:54,0,0,13
BRDA:54,0,1,0
BRDA:91,1,0,4
BRDA:91,1,1,9
BRDA:98,2,0,4
BRDA:98,2,1,9
BRDA:120,3,0,13
BRDA:120,3,1,0
BRF:8
BRH:6
end_of_record
TN:
SF:src\components\ResumeAnalyzer.tsx
FN:29,(anonymous_1)
FN:35,(anonymous_2)
FN:51,(anonymous_3)
FN:52,(anonymous_4)
FN:56,(anonymous_5)
FN:57,(anonymous_6)
FN:60,(anonymous_7)
FN:86,(anonymous_8)
FN:94,(anonymous_9)
FN:99,(anonymous_10)
FN:104,(anonymous_11)
FN:158,(anonymous_12)
FN:259,(anonymous_13)
FN:289,(anonymous_14)
FN:307,(anonymous_15)
FNF:15
FNH:14
FNDA:43,(anonymous_1)
FNDA:12,(anonymous_2)
FNDA:8,(anonymous_3)
FNDA:8,(anonymous_4)
FNDA:8,(anonymous_5)
FNDA:0,(anonymous_6)
FNDA:9,(anonymous_7)
FNDA:1,(anonymous_8)
FNDA:30,(anonymous_9)
FNDA:6,(anonymous_10)
FNDA:18,(anonymous_11)
FNDA:1,(anonymous_12)
FNDA:24,(anonymous_13)
FNDA:12,(anonymous_14)
FNDA:18,(anonymous_15)
DA:1,1
DA:2,1
DA:3,1
DA:11,1
DA:22,1
DA:23,1
DA:29,1
DA:30,43
DA:31,43
DA:32,43
DA:33,43
DA:34,43
DA:35,43
DA:36,12
DA:37,12
DA:38,11
DA:40,1
DA:41,1
DA:43,10
DA:45,1
DA:46,1
DA:48,9
DA:51,43
DA:52,8
DA:54,8
DA:55,8
DA:56,8
DA:57,8
DA:60,43
DA:61,9
DA:63,1
DA:64,1
DA:66,8
DA:67,8
DA:68,8
DA:69,8
DA:75,6
DA:77,6
DA:80,2
DA:81,2
DA:83,8
DA:86,43
DA:87,1
DA:88,1
DA:89,1
DA:90,1
DA:91,0
DA:94,43
DA:95,30
DA:96,10
DA:97,5
DA:99,43
DA:100,6
DA:101,2
DA:102,1
DA:104,43
DA:105,18
DA:107,6
DA:108,12
DA:110,6
DA:112,6
DA:115,43
DA:158,1
DA:260,24
DA:290,12
DA:309,18
DA:360,1
LF:67
LH:66
BRDA:37,0,0,11
BRDA:37,0,1,1
BRDA:38,1,0,1
BRDA:38,1,1,10
BRDA:43,2,0,1
BRDA:43,2,1,9
BRDA:61,3,0,1
BRDA:61,3,1,8
BRDA:80,4,0,2
BRDA:80,4,1,1
BRDA:90,5,0,0
BRDA:90,5,1,1
BRDA:95,6,0,20
BRDA:95,6,1,10
BRDA:96,7,0,5
BRDA:96,7,1,5
BRDA:100,8,0,4
BRDA:100,8,1,2
BRDA:101,9,0,1
BRDA:101,9,1,1
BRDA:105,10,0,6
BRDA:105,10,1,12
BRDA:108,11,0,6
BRDA:108,11,1,6
BRDA:143,12,0,37
BRDA:143,12,1,6
BRDA:169,13,0,19
BRDA:169,13,1,18
BRDA:175,14,0,37
BRDA:175,14,1,19
BRDA:194,15,0,37
BRDA:194,15,1,29
BRDA:197,16,0,8
BRDA:197,16,1,29
BRF:34
BRH:33
end_of_record
TN:
SF:src\components\ThemeProvider.tsx
FN:18,ThemeProvider
FN:25,(anonymous_1)
FN:28,(anonymous_2)
FN:48,(anonymous_3)
FN:61,(anonymous_4)
FNF:5
FNH:5
FNDA:23,ThemeProvider
FNDA:19,(anonymous_1)
FNDA:23,(anonymous_2)
FNDA:5,(anonymous_3)
FNDA:45,(anonymous_4)
DA:1,3
DA:16,3
DA:18,3
DA:24,23
DA:25,19
DA:28,23
DA:29,23
DA:31,23
DA:33,23
DA:34,15
DA:39,15
DA:40,15
DA:43,8
DA:46,23
DA:49,5
DA:50,5
DA:54,23
DA:61,3
DA:62,45
DA:64,44
DA:65,2
DA:67,42
LF:22
LH:22
BRDA:20,0,0,16
BRDA:21,1,0,22
BRDA:25,2,0,19
BRDA:25,2,1,17
BRDA:33,3,0,15
BRDA:33,3,1,8
BRDA:34,4,0,2
BRDA:34,4,1,13
BRDA:64,5,0,2
BRDA:64,5,1,42
BRF:10
BRH:10
end_of_record
TN:
SF:src\components\ToggleMode.tsx
FN:11,ModeToggle
FN:22,(anonymous_1)
FN:25,(anonymous_2)
FN:28,(anonymous_3)
FNF:4
FNH:4
FNDA:33,ModeToggle
FNDA:1,(anonymous_1)
FNDA:1,(anonymous_2)
FNDA:1,(anonymous_3)
DA:1,2
DA:3,2
DA:9,2
DA:11,2
DA:12,33
DA:14,33
DA:22,1
DA:25,1
DA:28,1
LF:9
LH:9
BRF:0
BRH:0
end_of_record
