TN:
SF:src\components\Footer.tsx
FN:3,(anonymous_0)
FNF:1
FNH:1
FNDA:1,(anonymous_0)
DA:3,1
DA:4,1
DA:17,1
LF:3
LH:3
BRF:0
BRH:0
end_of_record
TN:
SF:src\components\Navbar.tsx
FN:9,(anonymous_0)
FN:12,(anonymous_1)
FN:15,(anonymous_2)
FN:129,(anonymous_3)
FNF:4
FNH:4
FNDA:13,(anonymous_0)
FNDA:1,(anonymous_1)
FNDA:6,(anonymous_2)
FNDA:1,(anonymous_3)
DA:1,1
DA:2,1
DA:3,1
DA:4,1
DA:5,1
DA:6,1
DA:7,1
DA:9,1
DA:10,13
DA:11,13
DA:12,13
DA:15,13
DA:16,6
DA:18,13
DA:130,1
DA:131,1
DA:152,1
LF:17
LH:17
BRDA:54,0,0,13
BRDA:54,0,1,0
BRDA:93,1,0,4
BRDA:93,1,1,9
BRDA:100,2,0,4
BRDA:100,2,1,9
BRDA:122,3,0,13
BRDA:122,3,1,0
BRF:8
BRH:6
end_of_record
TN:
SF:src\components\ThemeProvider.tsx
FN:18,ThemeProvider
FN:25,(anonymous_1)
FN:28,(anonymous_2)
FN:48,(anonymous_3)
FN:61,(anonymous_4)
FNF:5
FNH:5
FNDA:23,ThemeProvider
FNDA:19,(anonymous_1)
FNDA:23,(anonymous_2)
FNDA:5,(anonymous_3)
FNDA:45,(anonymous_4)
DA:1,3
DA:16,3
DA:18,3
DA:24,23
DA:25,19
DA:28,23
DA:29,23
DA:31,23
DA:33,23
DA:34,15
DA:39,15
DA:40,15
DA:43,8
DA:46,23
DA:49,5
DA:50,5
DA:54,23
DA:61,3
DA:62,45
DA:64,44
DA:65,2
DA:67,42
LF:22
LH:22
BRDA:20,0,0,16
BRDA:21,1,0,22
BRDA:25,2,0,19
BRDA:25,2,1,17
BRDA:33,3,0,15
BRDA:33,3,1,8
BRDA:34,4,0,2
BRDA:34,4,1,13
BRDA:64,5,0,2
BRDA:64,5,1,42
BRF:10
BRH:10
end_of_record
TN:
SF:src\components\ToggleMode.tsx
FN:12,ModeToggle
FN:25,(anonymous_1)
FN:28,(anonymous_2)
FN:31,(anonymous_3)
FNF:4
FNH:4
FNDA:33,ModeToggle
FNDA:1,(anonymous_1)
FNDA:1,(anonymous_2)
FNDA:1,(anonymous_3)
DA:1,2
DA:3,2
DA:4,2
DA:10,2
DA:12,2
DA:13,33
DA:15,33
DA:25,1
DA:28,1
DA:31,1
LF:10
LH:10
BRF:0
BRH:0
end_of_record
